#work log

#lab
track manager work, trackSelect() need to be fixed!
cần bổ sung tốc độ lấy mẫu cho track info

8:05 CH 02/08/2013
change sampling rate debug
đưa các block of code thành function cho dễ quản lí

11:06 CH 01/08/2013
debug selectTrack(); << done, 90%

3:30 CH 01/08/2013
Reinit MMC khi write bị lỗi, đã disable bằng condition define 

12:03 CH 01/08/2013
Địa chỉ là byteaddress nhưng tính theo block !?
tính toán lại trackAddr

10:50 CH 31/07/2013
lam viec sau
- write error khi da co it nhat 1 track duoc ghi => viec tinh toan track bi sai!?
- line 436; add delay between each try to send command
########### CAUTION ############################
cần phải debug để biết được địa chỉ là byte address hay block, và cách thức chấp
nhận địa chỉ là như thế nào (chấp nhận CMD)


11:35 SA 31/07/2013
- uint8_t getResponse(uint8_t type)

12:22 SA 31/07/2013
TODO::
- Viet lai function mmcInit
- viet lai function send command (with crc)
