=~=~=~=~=~=~=~=~=~=~=~= PuTTY log 2013.07.16 18:48:00 =~=~=~=~=~=~=~=~=~=~=~=
Card detected!
Card detected!
Card detected!
Select a Menu
Record

Writing
Card free!
Card free!
Card free!
Card free!
Card free!
Card free!
Card free!
Card free!
Card free!
Card free!
Card free!
Card free!
Card free!
Card free!
Card free!
Card free!
Card free!
Card free!
Card free!
Card free!
Card free!
Card free!
Card free!
Card free!
Card free!
Card free!
Card free!
Card free!
Card free!
Card free!
Card free!
Card free!
Card free!
Card free!
Card free!
Card free!
Card free!
Card free!
Card free!
Card free!
Card free!
Write error!
Select a Menu
Play

Record

Writing
Card free!
Write error!
Select a Menu
Play

Record

Writing
Card free!
Write error!
Select a Menu
Play

Record

Play

Record

Writing
Card free!
Write error!
Select a Menu
Play

