=~=~=~=~=~=~=~=~=~=~=~= PuTTY log 2013.07.19 12:27:59 =~=~=~=~=~=~=~=~=~=~=~=
Card error, CPU trapped!
Card detected!
Select a Menu
Record

Writing
Card detected!
Data rejected!
Data rejected!
Data rejected!
Data rejected!
Data rejected!
Data rejected!
Data rejected!
Data rejected!
Data rejected!
Data rejected!
Data rejected!
Data rejected!
STOPPED!
Written:
    24
Lost: 
    12
Select a Menu
Play

Record

Writing
Card detected!
STOPPED!
Written:
   652
Lost: 
     0
Select a Menu
Play

Card detected!
Select a Menu
Record

Writing
Card detected!
Data rejected!
Data rejected!
Data rejected!
Data rejected!
Data rejected!
Data rejected!
Data rejected!
Data rejected!
Data rejected!
Data rejected!
Data rejected!
Data rejected!
Data rejected!
Data rejected!
Data rejected!
Data rejected!
Data rejected!
Data rejected!
Data rejected!
Data rejected!
Data rejected!
Data rejected!
Data rejected!
Data rejected!
Data rejected!
Data rejected!
Data rejected!
Data rejected!
Data rejected!
Data rejected!
Data rejected!
Data rejected!
Data rejected!
Data rejected!
Data rejected!
Data rejected!
Data rejected!
Data rejected!
Data rejected!
Data rejected!
Data rejected!
Data rejected!
Data rejected!
Data rejected!
Data rejected!
Data rejected!
Data rejected!
Data rejected!
Data rejected!
Data rejected!
Data rejected!
Data rejected!
STOPPED!
Written:
    61
Lost: 
    52
Select a Menu
Play

Record

Writing
Card detected!
Data rejected!
Data rejected!
Data rejected!
Data rejected!
Data rejected!
Data rejected!
Data rejected!
Data rejected!
Data rejected!
Data rejected!
Data rejected!
Data rejected!
Data rejected!
Data rejected!
Data rejected!
Data rejected!
Data rejected!
Data rejected!
Data rejected!
Data rejected!
Data rejected!
Data rejected!
Data rejected!
Data rejected!
Data rejected!
Data rejected!
Data rejected!
Data rejected!
Data rejected!
Data rejected!
Data rejected!
STOPPED!
Written:
    14
Lost: 
    31
Select a Menu
Play

Record

Writing
Card detected!
Data rejected!
Data rejected!
Data rejected!
Data rejected!
Data rejected!
Data rejected!
Data rejected!
Data rejected!
Data rejected!
Data rejected!
Data rejected!
Data rejected!
Data rejected!
Data rejected!
Data rejected!
Data rejected!
Data rejected!
Data rejected!
Data rejected!
Data rejected!
Data rejected!
Data rejected!
Data rejected!
Data rejected!
Data rejected!
Data rejected!
Data rejected!
Data rejected!
Data rejected!
Data rejected!
Data rejected!
Data rejected!
Data rejected!
Data rejected!
Data rejected!
Data rejected!
Data rejected!
Data rejected!
Data rejected!
Data rejected!
Data rejected!
Data rejected!
Data rejected!
Data rejected!
Data rejected!
Data rejected!
Data rejected!
Data rejected!
Data rejected!
Data rejected!
STOPPED!
Written:
    78
Lost: 
    50
Select a Menu
Play

Record

Writing
Card detected!
Data rejected!
Data rejected!
Data rejected!
Data rejected!
Data rejected!
Data rejected!
Data rejected!
Data rejected!
Data rejected!
Data rejected!
Data rejected!
Data rejected!
Data rejected!
Data rejected!
Data rejected!
Data rejected!
Data rejected!
Data rejected!
Data rejected!
Data rejected!
Data rejected!
Data rejected!
Data rejected!
Data rejected!
Data rejected!
Data rejected!
Data rejected!
Data rejected!
Data rejected!
STOPPED!
Written:
     4
Lost: 
    29
Select a Menu
Play

Record

Writing
Card detected!
Data rejected!
STOPPED!
Written:
    81
Lost: 
     1
Select a Menu
Play

Record

Writing
Card detected!
Data rejected!
Data rejected!
Data rejected!
Data rejected!
Data rejected!
Data rejected!
Data rejected!
Data rejected!
Data rejected!
Data rejected!
Data rejected!
Data rejected!
Data rejected!
Data rejected!
Data rejected!
Data rejected!
Data rejected!
Data rejected!
Data rejected!
Data rejected!
Data rejected!
Data rejected!
Data rejected!
Data rejected!
Data rejected!
Data rejected!
Data rejected!
Data rejected!
Data rejected!
Data rejected!
Data rejected!
Data rejected!
Data rejected!
Data rejected!
Data rejected!
Data rejected!
Data rejected!
Data rejected!
Data rejected!
Data rejected!
Data rejected!
Data rejected!
Data rejected!
Data rejected!
Data rejected!
Data rejected!
Data rejected!
Data rejected!
Data rejected!
Data rejected!
Data rejected!
Data rejected!
Data rejected!
Data rejected!
Data rejected!
Data rejected!
Data rejected!
Data rejected!
Data rejected!
Data rejected!
STOPPED!
Written:
   354
Lost: 
    60
Select a Menu
Play

Record

Writing
Card detected!
Data rejected!
Data rejected!
Data rejected!
Data rejected!
Data rejected!
Data rejected!
Data rejected!
Data rejected!
Data rejected!
Data rejected!
Data rejected!
Data rejected!
Data rejected!
Data rejected!
Data rejected!
Data rejected!
Data rejected!
Data rejected!
Data rejected!
Data rejected!
Data rejected!
Data rejected!
Data rejected!
Data rejected!
Data rejected!
Data rejected!
Data rejected!
Data rejected!
Data rejected!
Data rejected!
STOPPED!
Written:
     1
Lost: 
    30
Select a Menu
Play

Reading
Command Rejected!
Card detected!
Select a Menu
Record

Writing
Card detected!
Data rejected!
Data rejected!
Data rejected!
Data rejected!
Data rejected!
Data rejected!
Data rejected!
Data rejected!
Data rejected!
Data rejected!
Data rejected!
Data rejected!
Data rejected!
Data rejected!
Data rejected!
Data rejected!
Data rejected!
Data rejected!
Data rejected!
Data rejected!
Data rejected!
Data rejected!
Data rejected!
Data rejected!
Data rejected!
Data rejected!
Data rejected!
Data rejected!
Data rejected!
STOPPED!
Written:
     0
Lost: 
    29
Select a Menu
Play

Card detected!
Select a Menu
Record

Writing
Card detected!
Data rejected!
Data rejected!
Data rejected!
Data rejected!
Data rejected!
Data rejected!
Data rejected!
Data rejected!
Data rejected!
Data rejected!
Data rejected!
Data rejected!
Data rejected!
Data rejected!
Data rejected!
Data rejected!
Data rejected!
Data rejected!
Data rejected!
Data rejected!
Data rejected!
Data rejected!
Data rejected!
Data rejected!
Data rejected!
Data rejected!
Data rejected!
Data rejected!
Data rejected!
Data rejected!
Data rejected!
Data rejected!
Data rejected!
Data rejected!
Data rejected!
Data rejected!
Data rejected!
Data rejected!
Data rejected!
Data rejected!
Data rejected!
Data rejected!
Data rejected!
Data rejected!
Data rejected!
Data rejected!
STOPPED!
Written:
   384
Lost: 
    46
Select a Menu
Play

Record

Writing
Card detected!
Data rejected!
Data rejected!
Data rejected!
Data rejected!
Data rejected!
Data rejected!
Data rejected!
Data rejected!
Data rejected!
Data rejected!
Data rejected!
Data rejected!
Data rejected!
Data rejected!
Data rejected!
Data rejected!
Data rejected!
Data rejected!
Data rejected!
Data rejected!
Data rejected!
Data rejected!
Data rejected!
Data rejected!
Data rejected!
Data rejected!
Data rejected!
Data rejected!
Data rejected!
Data rejected!
Data rejected!
Data rejected!
Data rejected!
Data rejected!
Data rejected!
Data rejected!
Data rejected!
STOPPED!
Written:
    12
Lost: 
    37
Select a Menu
Play

Record

Writing
Card detected!
Data rejected!
Data rejected!
Data rejected!
Data rejected!
Data rejected!
Data rejected!
Data rejected!
Data rejected!
Data rejected!
Data rejected!
Data rejected!
Data rejected!
Data rejected!
Data rejected!
Data rejected!
Data rejected!
Data rejected!
Data rejected!
Data rejected!
Data rejected!
Data rejected!
Data rejected!
Data rejected!
Data rejected!
Data rejected!
Data rejected!
Data rejected!
Data rejected!
Data rejected!
Data rejected!
Data rejected!
Data rejected!
Data rejected!
Data rejected!
Data rejected!
Data rejected!
STOPPED!
Written:
     4
Lost: 
    36
Select a Menu
Play

Record

Writing
Card detected!
Select a Menu
Play

Record

Writing
Card detected!
Data rejected!
Data rejected!
Data rejected!
Data rejected!
Data rejected!
Data rejected!
Data rejected!
Data rejected!
Data rejected!
Data rejected!
Data rejected!
Data rejected!
Data rejected!
Data rejected!
Data rejected!
Data rejected!
Data rejected!
Data rejected!
Data rejected!
Data rejected!
Data rejected!
Data rejected!
Data rejected!
Data rejected!
Data rejected!
Data rejected!
Data rejected!
Data rejected!
Data rejected!
Data rejected!
Data rejected!
Data rejected!
Data rejected!
Data rejected!
Data rejected!
STOPPED!
Written:
     4
Lost: 
    35
Select a Menu
Play

Record

Play

Record

Writing
Card detected!
Data rejected!
Data rejected!
Data rejected!
Data rejected!
Data rejected!
Data rejected!
Data rejected!
Data rejected!
Data rejected!
Data rejected!
Data rejected!
Data rejected!
Data rejected!
Data rejected!
Data rejected!
Data rejected!
Data rejected!
Data rejected!
Data rejected!
Data rejected!
Data rejected!
Data rejected!
Data rejected!
Data rejected!
Data rejected!
Data rejected!
Data rejected!
Data rejected!
Data rejected!
Data rejected!
Data rejected!
Data rejected!
Data rejected!
Data rejected!
STOPPED!
Written:
     0
Lost: 
    34
Select a Menu
Play

Record

Writing
Card detected!
Data rejected!
Data rejected!
Data rejected!
Data rejected!
Data rejected!
Data rejected!
Data rejected!
Data rejected!
Data rejected!
Data rejected!
Data rejected!
Data rejected!
Data rejected!
Data rejected!
Data rejected!
Data rejected!
Data rejected!
Data rejected!
Data rejected!
Data rejected!
Data rejected!
Data rejected!
Data rejected!
Data rejected!
Data rejected!
Data rejected!
Data rejected!
Data rejected!
Data rejected!
Data rejected!
Data rejected!
Data rejected!
Data rejected!
Data rejected!
Data rejected!
STOPPED!
Written:
    13
Lost: 
    35
Select a Menu
Play

Record

Writing
Card detected!
Select a Menu
Play

Record

Writing
Card detected!
Data rejected!
Data rejected!
Data rejected!
Data rejected!
Data rejected!
Data rejected!
Data rejected!
Data rejected!
Data rejected!
Data rejected!
Data rejected!
Data rejected!
Data rejected!
Data rejected!
Data rejected!
Data rejected!
Data rejected!
Data rejected!
Data rejected!
Data rejected!
Data rejected!
Data rejected!
Data rejected!
Data rejected!
Data rejected!
Data rejected!
Data rejected!
Data rejected!
Data rejected!
Data rejected!
Data rejected!
Data rejected!
Data rejected!
Data rejected!
Data rejected!
STOPPED!
Written:
     4
Lost: 
    35
Select a Menu
Play

Record

Writing
Card detected!
Data rejected!
Data rejected!
Data rejected!
Data rejected!
Data rejected!
Data rejected!
Data rejected!
Data rejected!
Data rejected!
Data rejected!
Data rejected!
Data rejected!
Data rejected!
Data rejected!
Data rejected!
Data rejected!
Data rejected!
Data rejected!
Data rejected!
Data rejected!
Data rejected!
Data rejected!
Data rejected!
Data rejected!
STOPPED!
Written:
    16
Lost: 
    24
Select a Menu
Play

Record

writing
Card detected!
Data rejected!
Data rejected!
Data rejected!
Data rejected!
Data rejected!
Data rejected!
Data rejected!
Data rejected!
Data rejected!
Data rejected!
Data rejected!
Data rejected!
Data rejected!
Data rejected!
Data rejected!
Data rejected!
Data rejected!
Data rejected!
Data rejected!
Data rejected!
Data rejected!
Data rejected!
Data rejected!
Data rejected!
Data rejected!
Data rejected!
Data rejected!
STOPPED!
Written:
     7
Lost: 
    27
Select a Menu
Play

Record

Writing
Card detected!
Data rejected!
Data rejected!
Data rejected!
Data rejected!
Data rejected!
Data rejected!
Data rejected!
Data rejected!
Data rejected!
Data rejected!
Data rejected!
Data rejected!
Data rejected!
Data rejected!
Data rejected!
Data rejected!
Data rejected!
Data rejected!
Data rejected!
Data rejected!
Data rejected!
Data rejected!
Data rejected!
Data rejected!
Data rejected!
Data rejected!
Data rejected!
Data rejected!
Data rejected!
Data rejected!
Data rejected!
Data rejected!
Data rejected!
Data rejected!
Data rejected!
Data rejected!
Data rejected!
Data rejected!
Data rejected!
Data rejected!
Data rejected!
Data rejected!
Data rejected!
Data rejected!
Data rejected!
Data rejected!
Data rejected!
Data rejected!
Data rejected!
Data rejected!
Data rejected!
Data rejected!
Data rejected!
Data rejected!
Data rejected!
Data rejected!
Data rejected!
Data rejected!
Data rejected!
Data rejected!
Data rejected!
Data rejected!
STOPPED!
Written:
    87
Lost: 
    62
Select a Menu
Play

Record

Writing
Card detected!
Data rejected!
Data rejected!
Data rejected!
Data rejected!
Data rejected!
Data rejected!
Data rejected!
Data rejected!
Data rejected!
Data rejected!
Data rejected!
Data rejected!
Data rejected!
Data rejected!
Data rejected!
Data rejected!
Data rejected!
Data rejected!
Data rejected!
Data rejected!
Data rejected!
Data rejected!
Data rejected!
Data rejected!
STOPPED!
Written:
    37
Lost: 
    24
Select a Menu
Play

Record

Writing
Card detected!
Data rejected!
Data rejected!
Data rejected!
Data rejected!
Data rejected!
Data rejected!
Data rejected!
Data rejected!
Data rejected!
Data rejected!
Data rejected!
Data rejected!
Data rejected!
Data rejected!
Data rejected!
Data rejected!
Data rejected!
Data rejected!
Data rejected!
Data rejected!
Data rejected!
Data rejected!
Data rejected!
Data rejected!
Data rejected!
Data rejected!
Data rejected!
Data rejected!
Data rejected!
Data rejected!
STOPPED!
Written:
    17
Lost: 
    30
Select a Menu
Play

Card detected!
Select a Menu
Record

Writing
Card detected!
Data rejected!
Data rejected!
Data rejected!
Data rejected!
Data rejected!
Data rejected!
Data rejected!
Data rejected!
Data rejected!
Data rejected!
Data rejected!
Data rejected!
Data rejected!
Data rejected!
Data rejected!
Data rejected!
Data rejected!
Data rejected!
Data rejected!
Data rejected!
Data rejected!
Data rejected!
Data rejected!
Data rejected!
Data rejected!
Data rejected!
Data rejected!
Data rejected!
Data rejected!
Data rejected!
Data rejected!
Data rejected!
Data rejected!
Data rejected!
Data rejected!
Data rejected!
Data rejected!
Data rejected!
Data rejected!
Data rejected!
Data rejected!
Data rejected!
Data rejected!
Data rejected!
Data rejected!
Data rejected!
Data rejected!
Data rejected!
Data rejected!
Data rejected!
Data rejected!
Data rejected!
Data rejected!
Data rejected!
Data rejected!
Data rejected!
Data rejected!
Data rejected!
Data rejected!
Data rejected!
Data rejected!
Data rejected!
Data rejected!
Data rejected!
Data rejected!
Data rejected!
STOPPED!
Written:
     1
Lost: 
    66
Select a Menu
Play

Record

Writing
Card detected!
Write error!
Select a Menu
Play

Record

Writing
Card detected!
Data rejected!
Data rejected!
Data rejected!
Data rejected!
Data rejected!
Data rejected!
Data rejected!
Data rejected!
Data rejected!
Data rejected!
Data rejected!
Data rejected!
Data rejected!
Data rejected!
Data rejected!
Data rejected!
Data rejected!
Data rejected!
Data rejected!
Data rejected!
Data rejected!
Data rejected!
Data rejected!
Data rejected!
Data rejected!
Data rejected!
Data rejected!
Data rejected!
Data rejected!
Data rejected!
Data rejected!
Data rejected!
Data rejected!
Data rejected!
Data rejected!
Data rejected!
Data rejected!
Data rejected!
Data rejected!
Data rejected!
Data rejected!
Data rejected!
Data rejected!
Data rejected!
Data rejected!
Data rejected!
Data rejected!
STOPPED!
Written:
    88
Lost: 
    47
Select a Menu
Play

Record

Writing
Card detected!
Data rejected!
Data rejected!
Data rejected!
Data rejected!
Data rejected!
Data rejected!
Data rejected!
Data rejected!
Data rejected!
Data rejected!
Data rejected!
Data rejected!
Data rejected!
Data rejected!
Data rejected!
Data rejected!
Data rejected!
Data rejected!
Data rejected!
Data rejected!
Data rejected!
Data rejected!
Data rejected!
Data rejected!
Data rejected!
Data rejected!
Data rejected!
Data rejected!
Data rejected!
Data rejected!
Data rejected!
Data rejected!
Data rejected!
Data rejected!
Data rejected!
Data rejected!
Data rejected!
Data rejected!
Data rejected!
Data rejected!
STOPPED!
Written:
     3
Lost: 
    40
Select a Menu
Play

