=~=~=~=~=~=~=~=~=~=~=~= PuTTY log 2013.07.16 18:49:28 =~=~=~=~=~=~=~=~=~=~=~=
Card detected!
Card detected!
Select a Menu
Record

Writing
Card free!
Card free!
Card free!
Card free!
Card free!
Card free!
Card free!
Card free!
Card free!
Card free!
Card free!
Card free!
Card free!
Card free!
Card free!
Card free!
Card free!
Card free!
Card free!
Card free!
Card free!
Card free!
Card free!
Card free!
Card free!
Card free!
Card free!
Card free!
Card free!
Card free!
Card free!
Card free!
Card free!
Card free!
Card free!
Card free!
Card free!
Card free!
Card free!
Card free!
Card free!
Write error!
Select a Menu
Play

Reading
Command Rejected!
Card detected!
Select a Menu
Record

Writing
Card free!
Card free!
Card free!
Card free!
Card free!
Card free!
Card free!
Card free!
Card free!
Card free!
Card free!
Card free!
Card free!
Card free!
Card free!
Card free!
Card free!
Card free!
Card free!
Card free!
Card free!
Card free!
Card free!
Card free!
Card free!
Card free!
Card free!
Card free!
Card free!
Card free!
Card free!
Card free!
Card free!
Card free!
Card free!
Card free!
Card free!
Card free!
Card free!
Card free!
Card free!
Card free!
Card free!
Card free!
Card free!
Card free!
Card free!
Card free!
Card free!
Card free!
Card free!
Card free!
Card free!
Card free!
Card free!
Card free!
Card free!
Card free!
Card free!
Card free!
Card free!
Card free!
Card free!
Card free!
Card free!
Card free!
Card free!
Card free!
Card free!
Card free!
Card free!
Card free!
Card free!
Card free!
Card free!
Card free!
Card free!
Card free!
Card free!
Card free!
Card free!
Card free!
Card free!
Card free!
Card free!
Card free!
Card free!
Card free!
Card free!
Card free!
Card free!
Card free!
Card free!
Card free!
Card free!
Card free!
Card free!
Card free!
Card free!
Card free!
Card free!
Card free!
Card free!
Card free!
Card free!
Card free!
Card free!
Card free!
Card free!
Card free!
Card free!
Card free!
Card free!
Card free!
Card free!
Card free!
Card free!
Card free!
Card free!
Card free!
Card free!
Card free!
Card free!
Card free!
Card free!
Card free!
Card free!
Card free!
Card free!
Card free!
Card free!
Card free!
Card free!
Card free!
Card free!
Card free!
Card free!
Card free!
Card free!
Card free!
Card free!
Card free!
Card free!
Card free!
Card free!
Card free!
Card free!
Card free!
Card free!
Card free!
Card free!
Card free!
Card free!
Card free!
Card free!
Card free!
Card free!
Card free!
Card free!
Card free!
Card free!
Card free!
Card free!
Card free!
Card free!
Card free!
Card free!
Card free!
Card free!
Card free!
Card free!
Card free!
Card free!
Card free!
Card free!
Card free!
Card free!
Card free!
Card free!
Card free!
Card free!
Card free!
Card free!
Card free!
Card free!
Card free!
Card free!
Card free!
Card free!
Card free!
Card free!
Card free!
Card free!
Card free!
Card free!
Card free!
Card free!
Card free!
Card free!
Card free!
Card free!
Card free!
Card free!
Card free!
Card free!
Card free!
Card free!
Card free!
Card free!
Card free!
Card free!
Card free!
Card free!
Card free!
Card free!
Card free!
Card free!
Card free!
Card free!
Card free!
Card free!
Card free!
Card free!
Card free!
Card free!
Card free!
Card free!
Card free!
Card free!
Card free!
Card free!
Card free!
Card free!
Card free!
Card free!
Card free!
Card free!
Card free!
Card free!
Card free!
Card free!
Card free!
Card free!
Card free!
Card free!
Card free!
Card free!
Card free!
Card free!
Card free!
Card free!
Card free!
Card free!
Card free!
Card free!
Card free!
Card free!
Card free!
Card free!
Card free!
Card free!
Card free!
Card free!
Card free!
Card free!
Card free!
Card free!
Card free!
Card free!
Card free!
Card free!
Card free!
Card free!
Card free!
Card free!
Card free!
Card free!
Card free!
Card free!
Card free!
Card free!
Card free!
Card free!
Card free!
Card free!
Card free!
Card free!
Card free!
Card free!
Card free!
Card free!
Card free!
Card free!
Card free!
Card free!
Card free!
Card free!
Card free!
Card free!
Card free!
Card free!
Card free!
Card free!
Card free!
Card free!
Card free!
Card free!
Card free!
Card free!
Card free!
Card free!
Card free!
Card free!
Card detected!
Select a Menu
Writing
Card free!
Card free!
Card free!
Card free!
Card free!
Card free!
Card free!
Card free!
Card free!
Card free!
Card free!
Card free!
Card free!
Card free!
Card free!
Card free!
Card free!
Card free!
Card free!
Card free!
Card free!
Card free!
Card free!
Card free!
Card free!
Card free!
Card free!
Card free!
Card free!
Card free!
Card free!
Card free!
Card free!
Card free!
Card free!
Card free!
Card free!
Card free!
Card free!
Card free!
Card free!
Card free!
Card free!
Card free!
Card free!
Card free!
Card free!
Card free!
Card free!
Card free!
Card free!
Card free!
Card free!
Card free!
Card free!
Card free!
Card free!
Card free!
Card free!
Card free!
Card detected!
Card detected!
