=~=~=~=~=~=~=~=~=~=~=~= PuTTY log 2013.07.16 19:13:19 =~=~=~=~=~=~=~=~=~=~=~=
Card detected!
Select a Menu
Record

Writing
Card free!
STOPPED!
Written:
   372
Lost: 
   756
Select a Menu
Play

Record

Writing
Card free!
Card free!
Card free!
Card free!
Card free!
Card free!
Card free!
Card free!
Card free!
Card free!
Card free!
Card free!
Card free!
Card free!
Card free!
Card free!
Card free!
Card free!
Card free!
Card free!
Card free!
Card free!
Card free!
Card free!
Card free!
Card free!
Card free!
Card free!
Card free!
Card free!
Card free!
Card free!
Card free!
Card free!
Card free!
Card free!
Card free!
Card free!
Card free!
Card free!
Write error!
Select a Menu
Play

Record

Writing
Card free!
Write error!
Select a Menu
Play

Record

Writing
Card free!
Write error!
Select a Menu
Play

Record

Writing
Card free!
Write error!
Select a Menu
Play

Record

Card detected!
Select a Menu
Play

Record

Writing
Card free!
STOPPED!
Written:
    64
Lost: 
   467
Select a Menu
Play

