=~=~=~=~=~=~=~=~=~=~=~= PuTTY log 2013.07.19 14:19:46 =~=~=~=~=~=~=~=~=~=~=~=
Select a Menu
Record

Writing
Card detected!
STOPPED!
Written:
  1955
Lost: 
     0
Select a Menu
Play

Record

Play

Record

Card detected!
Select a Menu
Play

Reading
Command Rejected!
Card detected!
Select a Menu
Record

Play

Stopped Transfer!
Card free!
Select a Menu
Record

Play

Record

Writing
Card detected!
Data rejected!
Data rejected!
Data rejected!
Data rejected!
Data rejected!
Data rejected!
Data rejected!
Data rejected!
Data rejected!
Data rejected!
Data rejected!
Data rejected!
Data rejected!
Data rejected!
Data rejected!
Data rejected!
Data rejected!
Data rejected!
Data rejected!
Data rejected!
Data rejected!
Data rejected!
Data rejected!
Data rejected!
Data rejected!
Data rejected!
Data rejected!
Data rejected!
Data rejected!
Data rejected!
Data rejected!
Data rejected!
Data rejected!
Data rejected!
STOPPED!
Written:
    16
Lost: 
    34
Select a Menu
Play

Record

Writing
Card detected!
Data rejected!
Data rejected!
Data rejected!
Data rejected!
Data rejected!
Data rejected!
Data rejected!
Data rejected!
Data rejected!
Data rejected!
Data rejected!
Data rejected!
Data rejected!
Data rejected!
Data rejected!
Data rejected!
Data rejected!
Data rejected!
Data rejected!
Data rejected!
Data rejected!
Data rejected!
Data rejected!
Data rejected!
Data rejected!
Data rejected!
Data rejected!
Data rejected!
Data rejected!
Data rejected!
Data rejected!
Data rejected!
Data rejected!
Data rejected!
Data rejected!
Data rejected!
Data rejected!
Data rejected!
Data rejected!
Data rejected!
Data rejected!
Data rejected!
Data rejected!
Data rejected!
Data rejected!
Data rejected!
Data rejected!
Data rejected!
Data rejected!
Data rejected!
Data rejected!
Data rejected!
Data rejected!
Data rejected!
Data rejected!
Data rejected!
Data rejected!
Data rejected!
Data rejected!
Data rejected!
Data rejected!
Data rejected!
Data rejected!
Data rejected!
Data rejected!
Data rejected!
Data rejected!
Data rejected!
Data rejected!
Data rejected!
Data rejected!
Data rejected!
Data rejected!
Data rejected!
Data rejected!
Data rejected!
Data rejected!
Data rejected!
Data rejected!
Data rejected!
Data rejected!
Data rejected!
Data rejected!
Data rejected!
Data rejected!
Data rejected!
Data rejected!
Data rejected!
Data rejected!
Data rejected!
Data rejected!
Data rejected!
Data rejected!
Data rejected!
Data rejected!
Data rejected!
Data rejected!
Data rejected!
Data rejected!
Data rejected!
Data rejected!
Data rejected!
Data rejected!
Data rejected!
Data rejected!
Data rejected!
Data rejected!
Data rejected!
Data rejected!
Data rejected!
Data rejected!
Data rejected!
Data rejected!
Data rejected!
Data rejected!
Data rejected!
Data rejected!
Data rejected!
Data rejected!
Data rejected!
Data rejected!
Data rejected!
Data rejected!
Data rejected!
Data rejected!
Data rejected!
Data rejected!
Data rejected!
Data rejected!
Data rejected!
Data rejected!
Data rejected!
Data rejected!
Data rejected!
Data rejected!
Data rejected!
Data rejected!
Data rejected!
Data rejected!
Data rejected!
Data rejected!
Data rejected!
Data rejected!
Data rejected!
Data rejected!
Data rejected!
Data rejected!şCard detected!
Select a Menu
Play

Stopped Transfer!
Card free!
Select a Menu
Record

Play

Record

Writing
Card detected!
Data rejected!
STOPPED!
Written:
   254
Lost: 
     1
Select a Menu
Play

Record

Writing
Card detected!
STOPPED!
Written:
   619
Lost: 
     0
Select a Menu
Play

Stopped Transfer!
Card free!
Select a Menu
Record

Play

Record

Writing
Card detected!
Data rejected!
Data rejected!
Data rejected!
Data rejected!
Data rejected!
Data rejected!
Data rejected!
Data rejected!
Data rejected!
Data rejected!
Data rejected!
Data rejected!
Data rejected!
Data rejected!
Data rejected!
Data rejected!
Data rejected!
Data rejected!
Data rejected!
Data rejected!
Data rejected!
Data rejected!
Data rejected!
Data rejected!
Data rejected!
Data rejected!
Data rejected!
STOPPED!
Written:
     6
Lost: 
    27
Select a Menu
Play

Record

Writing
Card detected!
Data rejected!
Data rejected!
Data rejected!
Data rejected!
Data rejected!
Data rejected!
Data rejected!
Data rejected!
Data rejected!
Data rejected!
Data rejected!
Data rejected!
Data rejected!
Data rejected!
Data rejected!
Data rejected!
Data rejected!
Data rejected!
Data rejected!
Data rejected!
Data rejected!
Data rejected!
Data rejected!
Data rejected!
Data rejected!
Data rejected!
Data rejected!
Data rejected!
STOPPED!
Written:
     5
Lost: 
    28
Select a Menu
Play

Record

Writing
Card detected!
Data rejected!
Data rejected!
Data rejected!
Data rejected!
Data rejected!
Data rejected!
Data rejected!
Data rejected!
Data rejected!
Data rejected!
Data rejected!
Data rejected!
Data rejected!
Data rejected!
Data rejected!
Data rejected!
Data rejected!
Data rejected!
Data rejected!
Data rejected!
Data rejected!
Data rejected!
Data rejected!
Data rejected!
Data rejected!
Data rejected!
Data rejected!
Data rejected!
Data rejected!
Data rejected!
Data rejected!
Data rejected!
Data rejected!
Data rejected!
Data rejected!
Data rejected!
Data rejected!
Data rejected!
Data rejected!
Data rejected!
Data rejected!
Data rejected!
Data rejected!
STOPPED!
Written:
   759
Lost: 
    43
Select a Menu
Play

Stopped Transfer!
Card free!
Select a Menu
Record

Play

Record

Writing
Card detected!
Data rejected!
Data rejected!
Data rejected!
Data rejected!
Data rejected!
Data rejected!
Data rejected!
Data rejected!
Data rejected!
Data rejected!
Data rejected!
Data rejected!
Data rejected!
Data rejected!
Data rejected!
Data rejected!
Data rejected!
Data rejected!
Data rejected!
STOPPED!
Written:
     7
Lost: 
    19
Select a Menu
Play

Record

Writing
Card detected!
Data rejected!
Data rejected!
Data rejected!
Data rejected!
Data rejected!
Data rejected!
Data rejected!
Data rejected!
Data rejected!
Data rejected!
Data rejected!
Data rejected!
Data rejected!
Data rejected!
Data rejected!
Data rejected!
Data rejected!
Data rejected!
STOPPED!
Written:
     6
Lost: 
    18
Select a Menu
Play

Record

Writing
Card detected!
Data rejected!
Data rejected!
Data rejected!
Data rejected!
Data rejected!
Data rejected!
Data rejected!
Data rejected!
Data rejected!
Data rejected!
Data rejected!
Data rejected!
Data rejected!
Data rejected!
Data rejected!
Data rejected!
Data rejected!
Data rejected!
Data rejected!
Data rejected!
Data rejected!
Data rejected!
Data rejected!
Data rejected!
Data rejected!
Data rejected!
Data rejected!
Data rejected!
Data rejected!
Data rejected!
Data rejected!
Data rejected!
Data rejected!
Data rejected!
Data rejected!
Data rejected!
Data rejected!
Data rejected!
Data rejected!
Data rejected!
Data rejected!
Data rejected!
Data rejected!
Data rejected!
Data rejected!
Data rejected!
Data rejected!
Data rejected!
Data rejected!
Data rejected!
Data rejected!
Data rejected!
Data rejected!
Data rejected!
Data rejected!
Data rejected!
Data rejected!
Data rejected!
Data rejected!
Data rejected!
Data rejected!
Data rejected!
Data rejected!
Data rejected!
Data rejected!
Data rejected!
Data rejected!
Data rejected!
Data rejected!
Data rejected!
Data rejected!
Data rejected!
Data rejected!
Data rejected!
Data rejected!
Data rejected!
Data rejected!
Data rejected!
Data rejected!
Data rejected!
Data rejected!
Data rejected!
Data rejected!
Data rejected!
Data rejected!
Data rejected!
Data rejected!
Data rejected!
Data rejected!
Data rejected!
Data rejected!
Data rejected!
Data rejected!
Data rejected!
Data rejected!
Data rejected!
Data rejected!
Data rejected!
Data rejected!
Data rejected!
Data rejected!
Data rejected!
Data rejected!
Data rejected!
Data rejected!
Data rejected!
Data rejected!
Data rejected!
Data rejected!
Data rejected!
Data rejected!
Data rejected!
Data rejected!
Data rejected!
Data rejected!
Data rejected!
Data rejected!
Data rejected!
Data rejected!
Data rejected!
Data rejected!
Data rejected!
Data rejected!
Data rejected!
Data rejected!
Data rejected!
Data rejected!
Data rejected!
Data rejected!
Data rejected!
Data rejected!
Data rejected!
Data rejected!
Data rejected!
Data rejected!
Data rejected!
Data rejected!
Data rejected!
Data rejected!
Data rejected!
Data rejected!
Data rejected!
Data rejected!
Data rejected!
Data rejected!
Data rejected!
Data rejected!
Data rejected!
Data rejected!
Data rejected!
Data rejected!
Data rejected!
Data rejected!
Data rejected!
Data rejected!
Data rejected!
Data rejected!
Data rejected!
Data rejected!
Data rejected!
Data rejected!
Data rejected!
Data rejected!
Data rejected!
Data rejected!
Data rejected!
Data rejected!
Data rejected!
Data rejected!
Data rejected!
Data rejected!
Data rejected!
STOPPED!
Written:
   816
Lost: 
   172
Select a Menu
Play

Record

Writing
Card detected!
Data rejected!
Data rejected!
Data rejected!
Data rejected!
Data rejected!
Data rejected!
Data rejected!
Data rejected!
Data rejected!
Data rejected!
Data rejected!
Data rejected!
Data rejected!
Data rejected!
Data rejected!
Data rejected!
Data rejected!
Data rejected!
Data rejected!
Data rejected!
Data rejected!
Data rejected!
Data rejected!
Data rejected!
Data rejected!
Data rejected!
Data rejected!
Data rejected!
Data rejected!
Data rejected!
Data rejected!
Data rejected!
Data rejected!
Data rejected!
Data rejected!
Data rejected!
Data rejected!
Data rejected!
Data rejected!
Data rejected!
Data rejected!
Data rejected!
Data rejected!
Data rejected!
Data rejected!
Data rejected!
Data rejected!
Data rejected!
Data rejected!
Data rejected!
Data rejected!
Data rejected!
Data rejected!
Data rejected!
Data rejected!
Data rejected!
Data rejected!
Data rejected!
Data rejected!
Data rejected!
Data rejected!
Data rejected!
Data rejected!
Data rejected!
Data rejected!
Data rejected!
Data rejected!
Data rejected!
Data rejected!
Data rejected!
Data rejected!
Data rejected!
Data rejected!
Data rejected!
Data rejected!
Data rejected!
Data rejected!
Data rejected!
Data rejected!
Data rejected!
Data rejected!
Data rejected!
Data rejected!
STOPPED!
Written:
  1068
Lost: 
    83
Select a Menu
Play

Record

