=~=~=~=~=~=~=~=~=~=~=~= PuTTY log 2013.07.16 20:01:18 =~=~=~=~=~=~=~=~=~=~=~=
Card detected!
Card detected!
Select a Menu
Record

Writing
Data accepted!
Data accepted!
Data accepted!
Data accepted!
Data accepted!
Data accepted!
Data accepted!
Data accepted!
Data accepted!
Data accepted!
Data accepted!
Data accepted!
Data accepted!
Data accepted!
Data accepted!
Data accepted!
Data accepted!
Data accepted!
Data accepted!
Data accepted!
Data accepted!
Data accepted!
Data accepted!
Data accepted!
Data accepted!
Data accepted!
Data accepted!
Data accepted!
Data accepted!
Data accepted!
Data accepted!
Data accepted!
Data accepted!
Data accepted!
Data accepted!
Data accepted!
Data accepted!
Data accepted!
Data accepted!
Data accepted!
Data accepted!
Data accepted!
Data accepted!
Data accepted!
Data accepted!
Data accepted!
Data accepted!
Data accepted!
Data accepted!
Data accepted!
Data accepted!
Data accepted!
STOPPED!
Written:
    52
Lost: 
     0
Select a Menu
Play

Card detected!
Card detected!
Select a Menu
Record

Writing
Data accepted!
Data accepted!
Data accepted!
Data accepted!
Data accepted!
Data accepted!
Data accepted!
Data accepted!
Data accepted!
Data accepted!
Data accepted!
Data accepted!
Data accepted!
Data accepted!
Data accepted!
Data accepted!
Data accepted!
Data accepted!
Data accepted!
Data accepted!
Data accepted!
Data accepted!
Data accepted!
Data accepted!
Data accepted!
Data accepted!
Data accepted!
Data accepted!
Data accepted!
Data accepted!
Data accepted!
Data accepted!
Data accepted!
Data accepted!
Data accepted!
Data accepted!
Data accepted!
Data accepted!
Data accepted!
Data accepted!
Data accepted!
Data accepted!
Data accepted!
Data accepted!
Data accepted!
Data accepted!
Data accepted!
Data accepted!
Data accepted!
Data accepted!
Data accepted!
Data accepted!
Data accepted!
Data accepted!
Data accepted!
Data accepted!
Data accepted!
Data accepted!
Data accepted!
Data accepted!
Data accepted!
Data accepted!
Data accepted!
Data accepted!
Data accepted!
Data accepted!
Data accepted!
Data accepted!
Data accepted!
Data accepted!
Data accepted!
Data accepted!
Data accepted!
Data accepted!
Data accepted!
Data accepted!
Data accepted!
Data accepted!
Data accepted!
Data accepted!
Data accepted!
Data accepted!
Data accepted!
Data accepted!
Data accepted!
Data accepted!
Data accepted!
Data accepted!
Data accepted!
Data accepted!
Data accepted!
Data accepted!
Data accepted!
Data accepted!
Data accepted!
Data accepted!
Data accepted!
Data accepted!
Data accepted!
Data accepted!
Data accepted!
Data accepted!
Data accepted!
Data accepted!
Data accepted!
Data accepted!
Data accepted!
Data accepted!
Data accepted!
Data accepted!
Data accepted!
Data accepted!
Data accepted!
Data accepted!
Data accepted!
Data accepted!
Data accepted!
Data accepted!
Data accepted!
Data accepted!
Data accepted!
Data accepted!
Data accepted!
Data accepted!
Data accepted!
Data accepted!
Data accepted!
Data accepted!
Data accepted!
Data accepted!
Data accepted!
Data accepted!
Data accepted!
Data accepted!
Data accepted!
Data accepted!
Data accepted!
Data accepted!
Data accepted!
Data accepted!
Data accepted!
Data accepted!
Data accepted!
Data accepted!
Data accepted!
Data accepted!
Data accepted!
Data accepted!
Data accepted!
Data accepted!
Data accepted!
Data accepted!
Data accepted!
Data accepted!
Data accepted!
Data accepted!
Data accepted!
Data accepted!
Data accepted!
Data accepted!
Data accepted!
Data accepted!
Data accepted!
Data accepted!
Data accepted!
Data accepted!
Data accepted!
Data accepted!
Data accepted!
Data accepted!
Data accepted!
Data accepted!
Data accepted!
Data accepted!
Data accepted!
Data accepted!
Data accepted!
Data accepted!
Data accepted!
Data accepted!
Data accepted!
Data accepted!
Data accepted!
Data accepted!
Data accepted!
Data accepted!
Data accepted!
Data accepted!
Data accepted!
Data accepted!
Data accepted!
Data accepted!
Data accepted!
Data accepted!
Data accepted!
Data accepted!
Data accepted!
Data accepted!
Data accepted!
Data accepted!
Data accepted!
Data accepted!
Data accepted!
Data accepted!
Data accepted!
Data accepted!
Data accepted!
Data accepted!
Data accepted!
Data accepted!
Data accepted!
Data accepted!
Data accepted!
Data accepted!
Data accepted!
Data accepted!
Data accepted!
Data accepted!
Data accepted!
Data accepted!
Data accepted!
Data accepted!
Data accepted!
Data accepted!
Data accepted!
Data accepted!
Data accepted!
Data accepted!
Data accepted!
Data accepted!
Data accepted!
Data accepted!
Data accepted!
Data accepted!
Data accepted!
Data accepted!
Data accepted!
Data accepted!
Data accepted!
Data accepted!
Data accepted!
Data accepted!
Data accepted!
Data accepted!
Data accepted!
Data accepted!
Data accepted!
Data accepted!
Data accepted!
Data accepted!
Data accepted!
Data accepted!
Data accepted!
Data accepted!
Data accepted!
Data accepted!
Data accepted!
Data accepted!
Data accepted!
Data accepted!
Data accepted!
Data accepted!
Data accepted!
Data accepted!
Data accepted!
Data accepted!
Data accepted!
Data accepted!
Data accepted!
Data accepted!
Data accepted!
Data accepted!
Data accepted!
Data accepted!
Data accepted!
Data accepted!
Data accepted!
Data accepted!
Data accepted!
Data accepted!
Data accepted!
Data accepted!
Data accepted!
Data accepted!
Data accepted!
Data accepted!
Data accepted!
Data accepted!
Data accepted!
Data accepted!
Data accepted!
Data accepted!
Data accepted!
Data accepted!
Data accepted!
Data accepted!
Data accepted!
Data accepted!
Data accepted!
Data accepted!
Data accepted!
Data accepted!
Data accepted!
Data accepted!
Data accepted!
Data accepted!
Data accepted!
Data accepted!
Data accepted!
Data accepted!
Data accepted!
Data accepted!
Data accepted!
Data accepted!
Data accepted!
Data accepted!
Data accepted!
Data accepted!
Data accepted!
Data accepted!
Data accepted!
Data accepted!
Data accepted!
Data accepted!
Data accepted!
Data accepted!
Data accepted!
Data accepted!
Data accepted!
Data accepted!
Data accepted!
Data accepted!
Data accepted!
Data accepted!
Data accepted!
Data accepted!
Data accepted!
Data accepted!
Data accepted!
Data accepted!
Data accepted!
Data accepted!
Data accepted!
Data accepted!
Data accepted!
Data accepted!
Data accepted!
Data accepted!
Data accepted!
Data accepted!
Data accepted!
Data accepted!
Data accepted!
Data accepted!
Data accepted!
Data accepted!
Data accepted!
Data accepted!
Data accepted!
Data accepted!
Data accepted!
Data accepted!
Data accepted!
Data accepted!
Data accepted!
Data accepted!
Data accepted!
Data accepted!
Data accepted!
Data accepted!
Data accepted!
Data accepted!
Data accepted!
Data accepted!
Data accepted!
Data accepted!
Data accepted!
Data accepted!
Data accepted!
Data accepted!
Data accepted!
Data accepted!
Data accepted!
Data accepted!
Data accepted!
Data accepted!
Data accepted!
Data accepted!
Data accepted!
Data accepted!
Data accepted!
Data accepted!
Data accepted!
Data accepted!
Data accepted!
Data accepted!
Data accepted!
Data accepted!
Data accepted!
Data accepted!
Data accepted!
Data accepted!
Data accepted!
Data accepted!
Data accepted!
Data accepted!
Data accepted!
Data accepted!
Data accepted!
Data accepted!
Data accepted!
Data accepted!
Data accepted!
Data accepted!
Data accepted!
Data accepted!
Data accepted!
Data accepted!
Data accepted!
Data accepted!
Data accepted!
Data accepted!
Data accepted!
Data accepted!
Data accepted!
Data accepted!
Data accepted!
Data accepted!
Data accepted!
Data accepted!
Data accepted!
Data accepted!
Data accepted!
Data accepted!
Data accepted!
Data accepted!
Data accepted!
Data accepted!
Data accepted!
Data accepted!
Data accepted!
Data accepted!
Data accepted!
Data accepted!
Data accepted!
Data accepted!
Data accepted!
Data accepted!
Data accepted!
Data accepted!
Data accepted!
Data accepted!
Data accepted!
Data accepted!
Data accepted!
Data accepted!
Data accepted!
Data accepted!
Data accepted!
Data accepted!
Data accepted!
Data accepted!
Data accepted!
Data accepted!
Data accepted!
Data accepted!
Data accepted!
Data accepted!
Data accepted!
Data accepted!
Data accepted!
Data accepted!
Data accepted!
Data accepted!
Data accepted!
Data accepted!
Data accepted!
Data accepted!
Data accepted!
Data accepted!
Data accepted!
Data accepted!
Data accepted!
Data accepted!
Data accepted!
Data accepted!
Data accepted!
Data accepted!
Data accepted!
Data accepted!
Data accepted!
Data accepted!
Data accepted!
Data accepted!
Data accepted!
Data accepted!
Data accepted!
Data accepted!
Data accepted!
Data accepted!
Data accepted!
Data accepted!
Data accepted!
Data accepted!
Data accepted!
Data accepted!
Data accepted!
Data accepted!
Data accepted!
Data accepted!
Data accepted!
Data accepted!
Data accepted!
Data accepted!
Data accepted!
Data accepted!
Data accepted!
Data accepted!
Data accepted!
Data accepted!
Data accepted!
Data accepted!
Data accepted!
Data accepted!
Data accepted!
Data accepted!
Data accepted!
Data accepted!
Data accepted!
Data rejected!
Data rejected!
Data rejected!
Data rejected!
Data rejected!
Data rejected!
Data rejected!
Data rejected!
Data rejected!
Data rejected!
Data rejected!
Data rejected!
Data rejected!
Data rejected!
Data rejected!
Data rejected!
Data rejected!
Data rejected!
Data rejected!
Data rejected!
Data rejected!
Data rejected!
Data rejected!
Data rejected!
Data rejected!
Data rejected!
Data rejected!
Data rejected!
Data rejected!
Data rejected!
Data rejected!
Data rejected!
Data rejected!
Data rejected!
Data rejected!
Data rejected!
Data rejected!
Data rejected!
Data rejected!
Data rejected!
Data rejected!
Data rejected!
Data rejected!
Data rejected!
Data rejected!
Data rejected!
Data rejected!
Data rejected!
Data rejected!
Data rejected!
Data rejected!
Data rejected!
Data rejected!
Data rejected!
Data rejected!
Data rejected!
Data rejected!
Data rejected!
Data rejected!
Data rejected!
Data rejected!
Data rejected!
Data rejected!
Data rejected!
Data rejected!
Data rejected!
Data rejected!
Data rejected!
Data rejected!
Data rejected!
Data rejected!
Data rejected!
Data rejected!
Data rejected!
Data rejected!
Data rejected!
Data rejected!
Data rejected!
Data rejected!
Data rejected!
Data rejected!
Data rejected!
Data rejected!
Data rejected!
Data rejected!
Data rejected!
Data rejected!
Data rejected!
Data rejected!
Data rejected!
Data rejected!
Data rejected!
Data rejected!
Data rejected!
Data rejected!
Data rejected!
Data rejected!
Data rejected!
Data rejected!
Data rejected!
Data rejected!
Data rejected!
Data rejected!
Data rejected!
Data rejected!
Data rejected!
Data rejected!
Data rejected!
Data rejected!
Data rejected!
Data rejected!
Data rejected!
Data rejected!
Data rejected!
Data rejected!
Data rejected!
Data rejected!
Data rejected!
Data rejected!
Data rejected!
Data rejected!
Data rejected!
Data rejected!
Data rejected!
Data rejected!
Data rejected!
Data rejected!
Data rejected!
Data rejected!
Data rejected!
Data rejected!
Data rejected!
Data rejected!
Data rejected!
Data rejected!
Data rejected!
Data rejected!
Data rejected!
Data rejected!
Data rejected!
Data rejected!
Data rejected!
Data rejected!
Data rejected!
Data rejected!
Data rejected!
Data rejected!
Data rejected!
Data rejected!
Data rejected!
Data rejected!
Data rejected!
Data rejected!
Data rejected!
STOPPED!
Written:
   529
Lost: 
   154
Select a Menu
Play

