=~=~=~=~=~=~=~=~=~=~=~= PuTTY log 2013.07.19 11:57:10 =~=~=~=~=~=~=~=~=~=~=~=
Select a Menu
Record

Play

Record

Writing
Card detected!
Data rejected!
Data rejected!
Data rejected!
Data rejected!
Data rejected!
Data rejected!
Data rejected!
Data rejected!
Data rejected!
Data rejected!
Data rejected!
Data rejected!
Data rejected!
Data rejected!
Data rejected!
Data rejected!
Data rejected!
Data rejected!
Data rejected!
Data rejected!
Data rejected!
Data rejected!
Data rejected!
Data rejected!
Data rejected!
Data rejected!
Data rejected!
Data rejected!
Data rejected!
Data rejected!
Data rejected!
Data rejected!
Data rejected!
Data rejected!
Data rejected!
Data rejected!
Data rejected!
Data rejected!
Data rejected!
Data rejected!
Data rejected!
Data rejected!
Data rejected!
Data rejected!
Data rejected!
Data rejected!
Data rejected!
Data rejected!
Data rejected!
Data rejected!
Data rejected!
Data rejected!
Data rejected!
Data rejected!
Data rejected!
Data rejected!
Data rejected!
Data rejected!
Data rejected!
Data rejected!
Data rejected!
Data rejected!
Data rejected!
Data rejected!
Data rejected!
Data rejected!
Data rejected!
Data rejected!
Data rejected!
Data rejected!
Data rejected!
STOPPED!
Written:
    31
Lost: 
    71
Select a Menu
Play

Record

Writing
Card detected!
Data rejected!
Data rejected!
Data rejected!
Data rejected!
Data rejected!
Data rejected!
Data rejected!
Data rejected!
Data rejected!
STOPPED!
Written:
    98
Lost: 
     9
Select a Menu
Play

Record

Play

