=~=~=~=~=~=~=~=~=~=~=~= PuTTY log 2013.07.16 17:51:36 =~=~=~=~=~=~=~=~=~=~=~=
CS is HIGH!
Dummy clock sent!
CS is LOW!

CMD0 sent!
CARD ERROR - CMD0
CS is HIGH!
Dummy clock sent!
CS is LOW!

CMD0 sent!
CARD ERROR - CMD0
CS is HIGH!
Dummy clock sent!
CS is LOW!

CMD0 sent!
CARD ERROR - CMD0
CS is HIGH!
Dummy clock sent!
CS is LOW!

CMD0 sent!
CARD ERROR - CMD0
CS is HIGH!
Dummy clock sent!
CS is LOW!

CMD0 sent!
CARD ERROR - CMD0
CS is HIGH!
Dummy clock sent!
CS is LOW!

CMD0 sent!
CARD ERROR - CMD0
CS is HIGH!
Dummy clock sent!
CS is LOW!

CMD0 sent!
CARD ERROR - CMD0
CS is HIGH!
Dummy clock sent!
CS is LOW!

CMD0 sent!
CARD ERROR - CMD0
CS is HIGH!
Dummy clock sent!
CS is LOW!

CMD0 sent!
CARD ERROR - CMD0
CS is HIGH!
Dummy clock sent!
CS is LOW!

CMD0 sent!
CARD ERROR - CMD0
CS is HIGH!
Dummy clock sent!
CS is LOW!

CMD0 sent!
CARD ERROR - CMD0
