=~=~=~=~=~=~=~=~=~=~=~= PuTTY log 2013.07.16 19:16:08 =~=~=~=~=~=~=~=~=~=~=~=
Card detected!
Card detected!
Select a Menu
Record

Writing
Data accepted!
Data accepted!
Data accepted!
Data rejected!
Data accepted!
Data accepted!
Data accepted!
Data rejected!
Data accepted!
Data accepted!
Data rejected!
Data accepted!
Data accepted!
Data accepted!
Data accepted!
Data accepted!
Data accepted!
Data rejected!
Data accepted!
Data accepted!
Data accepted!
Data accepted!
Data accepted!
Data accepted!
Data accepted!
Data accepted!
Data accepted!
Data rejected!
Data accepted!
Data accepted!
Data accepted!
Data accepted!
Data accepted!
Data accepted!
Data accepted!
Data accepted!
Data accepted!
Data rejected!
Data accepted!
Data accepted!
Data accepted!
Data accepted!
Data accepted!
Data accepted!
Data accepted!
Data accepted!
Data accepted!
Data rejected!
Data accepted!
Data accepted!
Data accepted!
Data accepted!
Data accepted!
Data accepted!
Data accepted!
Data accepted!
Data accepted!
Data rejected!
Data accepted!
Data accepted!
Data accepted!
Data accepted!
Data accepted!
Data accepted!
Data accepted!
Data accepted!
Data accepted!
Data rejected!
Data accepted!
Data accepted!
Data accepted!
Data accepted!
Data accepted!
Data accepted!
Data accepted!
Data accepted!
Data accepted!
Data rejected!
Data accepted!
Data accepted!
Data accepted!
Data accepted!
Data accepted!
Data accepted!
Data accepted!
Data accepted!
Data accepted!
Data rejected!
Data accepted!
Data accepted!
Data accepted!
Data accepted!
Data accepted!
Data rejected!
Data accepted!
Data accepted!
Data accepted!
Data rejected!
Data accepted!
Data accepted!
Data accepted!
Data accepted!
Data accepted!
Data rejected!
Data accepted!
Data accepted!
Data accepted!
Data rejected!
Data accepted!
Data accepted!
Data accepted!
Data accepted!
Data accepted!
Data accepted!
Data rejected!
Data accepted!
Data accepted!
Data rejected!
Data accepted!
Data accepted!
Data accepted!
Data accepted!
Data accepted!
Data accepted!
Data rejected!
Data accepted!
Data accepted!
Data rejected!
Data accepted!
Data accepted!
Data accepted!
Data accepted!
Data accepted!
Data accepted!
Data rejected!
Data rejected!
Data rejected!
Data rejected!
Data rejected!
Data rejected!
Data rejected!
Data rejected!
Data rejected!
Data rejected!
Data rejected!
Data rejected!
Data rejected!
Data rejected!
Data rejected!
Data rejected!
Data rejected!
Data rejected!
Data rejected!
Data rejected!
Data rejected!
Data rejected!
Data rejected!
Data rejected!
Data rejected!
Data rejected!
Data rejected!
Data rejected!
Data rejected!
Data rejected!
Data rejected!
Data rejected!
Data rejected!
Data rejected!
Data rejected!
Data rejected!
Data rejected!
Data rejected!
Data rejected!
Data rejected!
Data rejected!
Data rejected!
Data rejected!
Data rejected!
Data rejected!
Data rejected!
Data rejected!
Data rejected!
Data rejected!
Data rejected!
Data rejected!
Data rejected!
Data rejected!
Data rejected!
Data rejected!
Data rejected!
Data rejected!
Data rejected!
Data rejected!
Data rejected!
Data rejected!
Data rejected!
Data rejected!
Data rejected!
Data rejected!
Data rejected!
Data rejected!
Data rejected!
Data rejected!
Data rejected!
Data rejected!
Data rejected!
Data rejected!
Data rejected!
Data rejected!
Data rejected!
Data rejected!
Data rejected!
Data rejected!
Data rejected!
Data rejected!
Data rejected!
Data rejected!
Data rejected!
Data rejected!
Data rejected!
Data rejected!
Data rejected!
Data rejected!
Data rejected!
Data rejected!
Data rejected!
Data rejected!
Data rejected!
Data rejected!
Data rejected!
Data rejected!
Data rejected!
Data rejected!
Data rejected!
Data rejected!
Data rejected!
Data rejected!
Data rejected!
Data rejected!
Data rejected!
Data rejected!
Data rejected!
Data rejected!
Data rejected!
Data rejected!
Data rejected!
Data rejected!
Data rejected!
Data rejected!
Data rejected!
Data rejected!
Data rejected!
Data rejected!
Data rejected!
Data rejected!
Data rejected!
Data rejected!
Data rejected!
Data rejected!
Data rejected!
Data rejected!
Data rejected!
Data rejected!
Data rejected!
Data rejected!
Data rejected!
Data rejected!
Data rejected!
Data rejected!
Data rejected!
Data rejected!
Data rejected!
Data rejected!
Data rejected!
Data rejected!
Data rejected!
Data rejected!
Data rejected!
Data rejected!
Data rejected!
Data rejected!
Data rejected!
Data rejected!
Data rejected!
Data rejected!
Data rejected!
Data rejected!
Data rejected!
Data rejected!
Data rejected!
Data rejected!
Data rejected!
Data rejected!
Data rejected!
Data rejected!
Data rejected!
Data rejected!
Data rejected!
Data rejected!
Data rejected!
Data rejected!
Data rejected!
Data rejected!
Data rejected!
Data rejected!
Data rejected!
Data rejected!
Data rejected!
Data rejected!
Data rejected!
Data rejected!
Data rejected!
Data rejected!
Data rejected!
Data rejected!
Data rejected!
Data rejected!
Data rejected!
Data rejected!
Data rejected!
Data rejected!
Data rejected!
STOPPED!
Written:
   115
Lost: 
   207
Select a Menu
Play

