=~=~=~=~=~=~=~=~=~=~=~= PuTTY log 2013.07.16 18:17:32 =~=~=~=~=~=~=~=~=~=~=~=
Card detected!
Card detected!
Select a Menu
Record

Writing
Card free!
Command accepted!
STOPPED!
Written:
     0
Lost: 
    78
Select a Menu
Play

Record

Play

Record

Writing
Card free!
Command rejected!
Card free!
Command rejected!
Card free!
Command rejected!
Card free!
Command rejected!
Card free!
Command rejected!
Card free!
Command rejected!
Card free!
Command rejected!
Card free!
Command rejected!
Card free!
Command rejected!
Card free!
Command rejected!
Card free!
Command rejected!
Card free!
Command rejected!
Card free!
Command rejected!
Card free!
Command rejected!
Card free!
Command rejected!
Card free!
Command rejected!
Card free!
Command rejected!
Card free!
Command rejected!
Card free!
Command rejected!
Card free!
Command rejected!
Card free!
Command rejected!
Card free!
Command rejected!
Card free!
Command rejected!
Card free!
Command rejected!
Card free!
Command rejected!
Card free!
Command rejected!
Card free!
Command rejected!
Card free!
Command rejected!
Card free!
Command rejected!
Card free!
Command rejected!
Card free!
Command rejected!
Card free!
Command rejected!
Card free!
Command rejected!
Card free!
Command rejected!
Card free!
Command rejected!
Card free!
Command rejected!
Card free!
Command rejected!
Card free!
Command rejected!
Card free!
Command rejected!
Card free!
Command rejected!
Card free!
Command rejected!
Card free!
Command rejected!
Card free!
Command rejected!
Card free!
Command rejected!
Card free!
Command rejected!
Card free!
Command rejected!
Card free!
Command rejected!
Card free!
Command rejected!
Card free!
Command rejected!
Card free!
Command rejected!
Card free!
Command rejected!
Card free!
Command rejected!
Card free!
Command rejected!
Card free!
Command rejected!
Card free!
Command rejected!
Card free!
Command rejected!
Card free!
Command rejected!
Card free!
Command rejected!
Card free!
Command rejected!
Card free!
Command rejected!
Card free!
Command rejected!
Card free!
Command rejected!
Card free!
Command rejected!
Card free!
Command rejected!
Card free!
Command rejected!
Card free!
Command rejected!
Card free!
Command rejected!
Card free!
Command rejected!
Card free!
Command rejected!
Card free!
Command rejected!
Card free!
Command rejected!
Card free!
Command rejected!
Card free!
Command rejected!
Card free!
Command rejected!
Card free!
Command rejected!
Card free!
Command rejected!
Card free!
Command rejected!
Card free!
Command rejected!
Card free!
Command rejected!
Card free!
Command rejected!
Card free!
Command rejected!
Card free!
Command rejected!
Card free!
Command rejected!
Card free!
Command rejected!
Card free!
Command rejected!
Card free!
Command rejected!
Card free!
Command rejected!
Card free!
Command rejected!
Card free!
Command rejected!
Card free!
Command rejected!
Card free!
Command rejected!
Card free!
Command rejected!
Card free!
Command rejected!
Card free!
Command rejected!
Card free!
Command rejected!
Card free!
Command rejected!
Card free!
Command rejected!
Card free!
Command rejected!
Card free!
Command rejected!
Card free!
Command rejected!
Card free!
Command rejected!
Card free!
Command rejected!
Card free!
Command rejected!
Card free!
Command rejected!
Card free!
Command rejected!
Card free!
Command rejected!
Card free!
Command rejected!
Card free!
Command rejected!
Card free!
Command rejected!
Card free!
Command rejected!
Card free!
Command rejected!
Card free!
Command rejected!
Card free!
Command rejected!
Card free!
Command rejected!
Card free!
Command rejected!
Card detected!
Select a Menu
Play

Reading
Command accepted!
Stopped Transfer!
Card free!
Card detected!
Select a Menu
Record

Writing
Card free!
Command accepted!
STOPPED!
Written:
     0
Lost: 
    57
Select a Menu
Play

Record

Writing
Card free!
Command rejected!
Card free!
Command rejected!
Card free!
Command rejected!
Card free!
Command rejected!
Card free!
Command rejected!
Card free!
Command rejected!
Card free!
Command rejected!
Card free!
Command rejected!
Card free!
Command rejected!
Card free!
Command rejected!
Card free!
Command rejected!
Card free!
Command rejected!
Card free!
Command accepted!
STOPPED!
Written:
     0
Lost: 
     6
Select a Menu
Play

Record

Writing
Card free!
Command accepted!
STOPPED!
Written:
     0
Lost: 
    87
Select a Menu
Play

Record

Writing
Card free!
Command rejected!
Card free!
Command rejected!
Card free!
Command rejected!
Card free!
Command rejected!
Card free!
Command rejected!
Card free!
Command rejected!
Card free!
Command rejected!
Card free!
Command rejected!
Card free!
Command rejected!
Card free!
Command rejected!
Card free!
Command rejected!
Card free!
Command rejected!
Card free!
Command rejected!
Card free!
Command rejected!
Card free!
Command rejected!
Card free!
Command rejected!
Card free!
Command rejected!
Card free!
Command rejected!
Card free!
Command rejected!
Card free!
Command rejected!
Card free!
Command rejected!
Card free!
Command rejected!
Card free!
Command rejected!
Card free!
Command rejected!
Card free!
Command rejected!
Card free!
Command rejected!
Card free!
Command rejected!
Card free!
Command rejected!
Card free!
Command rejected!
Card free!
Command rejected!
Card free!
Command rejected!
Card free!
Command rejected!
Card free!
Command rejected!
Card free!
Command rejected!
Card free!
Command rejected!
Card free!
Command rejected!
Card free!
Command rejected!
Card free!
Command rejected!
Card free!
Command rejected!
Card free!
Command rejected!
Card free!
Command rejected!
Card free!
Command rejected!
Card free!
Command rejected!
Card free!
Command rejected!
Card free!
Command rejected!
Card free!
Command rejected!
Card free!
Command rejected!
Card free!
Command rejected!
Card free!
Command rejected!
Card free!
Command rejected!
Card free!
Command rejected!
Card free!
Command rejected!
Card free!
Command rejected!
Card free!
Command rejected!
Card free!
Command rejected!
Card free!
Command rejected!
Card free!
Command rejected!
Card free!
Command rejected!
Card free!
Command rejected!
Card free!
Command rejected!
Card free!
Command rejected!
Card free!
Command rejected!
Card free!
Command rejected!
Card free!
Command rejected!
Card free!
Command rejected!
Card free!
Command rejected!
Card free!
Command rejected!
Card free!
Command rejected!
Card free!
Command rejected!
Card free!
Command rejected!
Card free!
Command rejected!
Card free!
Command rejected!
Card free!
Command rejected!
Card free!
Command rejected!
Card free!
Command rejected!
Card free!
Command rejected!
Card free!
Command rejected!
Card free!
Command rejected!
Card free!
Command rejected!
Card free!
Command rejected!
Card free!
Command rejected!
Card free!
Command rejected!
Card free!
Command rejected!
Card free!
Command rejected!
Card free!
Command rejected!
Card free!
Command rejected!
Card free!
Command rejected!
Card free!
Command rejected!
Card free!
Command rejected!
Card free!
Command rejected!
Card free!
Command rejected!
Card free!
Command rejected!
Card free!
Command rejected!
Card free!
Command rejected!
Card free!
Command rejected!
Card free!
Command rejected!
Card free!
Command rejected!
Card free!
Command rejected!
Card free!
Command rejected!
Card free!
Command rejected!
Card free!
Command rejected!
Card free!
Command rejected!
Card free!
Command rejected!
Card free!
Command rejected!
Card free!
Command rejected!
Card free!
Command rejected!
Card free!
Command rejected!
Card free!
Command rejected!
Card free!
Command rejected!
Card free!
Command rejected!
Card free!
Command rejected!
Card free!
Command rejected!
Card free!
Command rejected!
Card free!
Command rejected!
Card free!
Command rejected!
Card free!
Command rejected!
Card free!
Command rejected!
Card free!
Command rejected!
Card free!
Command rejected!
Card free!
Command rejected!
Card free!
Command rejected!
Card free!
Command rejected!
Card free!
Command rejected!
Card free!
Command rejected!
Card free!
Command rejected!
Card free!
Command rejected!
Card free!
Command rejected!
Card free!
Command rejected!
Card free!
Command rejected!
Card free!
Command rejected!
Card free!
Command rejected!
Card free!
Command rejected!
Card free!
Command rejected!
Card free!
Command rejected!
Card free!
Command rejected!
Card free!
Command rejected!
Card free!
Command rejected!
Card free!
Command rejected!
Card free!
Command rejected!
Card free!
Command rejected!
Card free!
Command rejected!
Card free!
Command rejected!
Card free!
Command rejected!
Card free!
Command rejected!
Card free!
Command rejected!
Card free!
Command rejected!
Card free!
Command rejected!
Card free!
Command rejected!
Card free!
Command rejected!
Card free!
Command rejected!
Card free!
Command rejected!
Card free!
Command rejected!
Card free!
Command rejected!
Card free!
Command rejected!
Card free!
Command rejected!
Card free!
Command rejected!
Card free!
Command rejected!
Card free!
Command rejected!
Card free!
Command rejected!
Card free!
Command rejected!
Card free!
Command rejected!
Card free!
Command rejected!
Card free!
Command rejected!
Card free!
Command rejected!
Card free!
Command rejected!
Card free!
Command rejected!
Card free!
Command rejected!
Card free!
Command rejected!
Card free!
Command rejected!
Card free!
Command rejected!
Card free!
Command rejected!
Card free!
Command rejected!
Card free!
Command rejected!
Card free!
Command rejected!
Card free!
Command rejected!
Card free!
Command rejected!
Card free!
Command rejected!
Card free!
Command rejected!
Card free!
Command rejected!
Card free!
Command rejected!
Card free!
Command rejected!
Card free!
Command rejected!
Card free!
Command rejected!
Card free!
Command rejected!
Card free!
Command rejected!
Card free!
Command rejected!
Card free!
Command rejected!
Card free!
Command rejected!
Card free!
Command rejected!
Card free!
Command rejected!
Card free!
Command rejected!
Card free!
Command rejected!
Card free!
Command rejected!
Card free!
Command rejected!
Card free!
Command rejected!
Card free!
Command rejected!
Card free!
Command rejected!
Card free!
Command rejected!
Card free!
Command rejected!
Card free!
Command rejected!
Card free!
Command rejected!
Card free!
Command rejected!
Card free!
Command rejected!
Card free!
Command rejected!
Card free!
Command rejected!
Card free!
Command rejected!
Card free!
Command rejected!
Card free!
Command rejected!
Card free!
Command rejected!
Card free!
Command rejected!
Card free!
Command rejected!
Card free!
Command rejected!
Card free!
Command rejected!
Card free!
Command rejected!
Card free!
Command rejected!
Card free!
Command rejected!
Card free!
Command rejected!
Card free!
Command rejected!
Card free!
Command rejected!
Card free!
Command rejected!
Card free!
Command rejected!
Card free!
Command rejected!
Card free!
Command rejected!
Card free!
Command rejected!
Card free!
Command rejected!
Card free!
Command rejected!
Card free!
Command rejected!
Card free!
Command rejected!
Card free!
Command rejected!
Card free!
Command rejected!
Card free!
Command rejected!
Card free!
Command rejected!
Card free!
Command rejected!
Card free!
Command rejected!
Card free!
Command rejected!
Card free!
Command rejected!
Card free!
Command rejected!
Card free!
Command rejected!
Card free!
Command rejected!
Card free!
Command rejected!
Card free!
Command rejected!
Card free!
Command rejected!
Card free!
Command rejected!
Card free!
Command rejected!
Card free!
Command rejected!
Card free!
Command rejected!
Card free!
Command rejected!
Card free!
Command rejected!
Card free!
Command rejected!
Card free!
Command rejected!
Card free!
Command rejected!
Card free!
Command rejected!
Card free!
Command rejected!
Card free!
Command rejected!
Card free!
Command rejected!
Card free!
Command rejected!
Card free!
Command rejected!
Card free!
Command rejected!
Card free!
Command rejected!
Card free!
Command rejected!
Card free!
Command rejected!
Card free!
Command rejected!
Card free!
Command rejected!
Card free!
Command rejected!
Card free!
Command rejected!
Card free!
Command rejected!
Card freõCard detected!
Card detected!
Card detected!
Card detected!
Card detected!
